c:\iot4\c\04_0624\04_0624\debug\vc142.pdb
c:\iot4\c\04_0624\04_0624\debug\vc142.idb
c:\iot4\c\04_0624\04_0624\debug\c0624_01.obj
c:\iot4\c\04_0624\04_0624\debug\c0604_02.obj
c:\iot4\c\04_0624\04_0624\debug\c0624_04.obj
c:\iot4\c\04_0624\debug\04_0624.exe
c:\iot4\c\04_0624\04_0624\debug\04_0624.ilk
c:\iot4\c\04_0624\debug\04_0624.pdb
c:\iot4\c\04_0624\04_0624\debug\04_0624.tlog\cl.command.1.tlog
c:\iot4\c\04_0624\04_0624\debug\04_0624.tlog\cl.read.1.tlog
c:\iot4\c\04_0624\04_0624\debug\04_0624.tlog\cl.write.1.tlog
c:\iot4\c\04_0624\04_0624\debug\04_0624.tlog\link-cvtres.read.1.tlog
c:\iot4\c\04_0624\04_0624\debug\04_0624.tlog\link-cvtres.write.1.tlog
c:\iot4\c\04_0624\04_0624\debug\04_0624.tlog\link-rc.read.1.tlog
c:\iot4\c\04_0624\04_0624\debug\04_0624.tlog\link-rc.write.1.tlog
c:\iot4\c\04_0624\04_0624\debug\04_0624.tlog\link.3132-cvtres.read.1.tlog
c:\iot4\c\04_0624\04_0624\debug\04_0624.tlog\link.3132-cvtres.write.1.tlog
c:\iot4\c\04_0624\04_0624\debug\04_0624.tlog\link.3132-rc.read.1.tlog
c:\iot4\c\04_0624\04_0624\debug\04_0624.tlog\link.3132-rc.write.1.tlog
c:\iot4\c\04_0624\04_0624\debug\04_0624.tlog\link.3132.read.1.tlog
c:\iot4\c\04_0624\04_0624\debug\04_0624.tlog\link.3132.write.1.tlog
c:\iot4\c\04_0624\04_0624\debug\04_0624.tlog\link.command.1.tlog
c:\iot4\c\04_0624\04_0624\debug\04_0624.tlog\link.read.1.tlog
c:\iot4\c\04_0624\04_0624\debug\04_0624.tlog\link.write.1.tlog
